0 info it worked if it ends with ok
1 verbose cli [ '/usr/bin/nodejs', '/usr/bin/npm', 'run', 'start:db' ]
2 info using npm@3.5.2
3 info using node@v4.2.6
4 verbose run-script [ 'prestart:db', 'start:db', 'poststart:db' ]
5 info lifecycle halp-server@1.0.0~prestart:db: halp-server@1.0.0
6 silly lifecycle halp-server@1.0.0~prestart:db: no script for prestart:db, continuing
7 info lifecycle halp-server@1.0.0~start:db: halp-server@1.0.0
8 verbose lifecycle halp-server@1.0.0~start:db: unsafe-perm in lifecycle true
9 verbose lifecycle halp-server@1.0.0~start:db: PATH: /usr/share/npm/bin/node-gyp-bin:/home/emilio/github/halp-server-dev/node_modules/.bin:/usr/local/sbin:/usr/local/bin:/usr/sbin:/usr/bin:/sbin:/bin:/snap/bin
10 verbose lifecycle halp-server@1.0.0~start:db: CWD: /home/emilio/github/halp-server-dev
11 silly lifecycle halp-server@1.0.0~start:db: Args: [ '-c',
11 silly lifecycle   'cd db/ && psql -f create-db.sql && psql -f populate-db.sql' ]
12 silly lifecycle halp-server@1.0.0~start:db: Returned: code: 2  signal: null
13 info lifecycle halp-server@1.0.0~start:db: Failed to exec start:db script
14 verbose stack Error: halp-server@1.0.0 start:db: `cd db/ && psql -f create-db.sql && psql -f populate-db.sql`
14 verbose stack Exit status 2
14 verbose stack     at EventEmitter.<anonymous> (/usr/share/npm/lib/utils/lifecycle.js:232:16)
14 verbose stack     at emitTwo (events.js:87:13)
14 verbose stack     at EventEmitter.emit (events.js:172:7)
14 verbose stack     at ChildProcess.<anonymous> (/usr/share/npm/lib/utils/spawn.js:24:14)
14 verbose stack     at emitTwo (events.js:87:13)
14 verbose stack     at ChildProcess.emit (events.js:172:7)
14 verbose stack     at maybeClose (internal/child_process.js:821:16)
14 verbose stack     at Process.ChildProcess._handle.onexit (internal/child_process.js:211:5)
15 verbose pkgid halp-server@1.0.0
16 verbose cwd /home/emilio/github/halp-server-dev
17 error Linux 4.4.0-78-generic
18 error argv "/usr/bin/nodejs" "/usr/bin/npm" "run" "start:db"
19 error node v4.2.6
20 error npm  v3.5.2
21 error code ELIFECYCLE
22 error halp-server@1.0.0 start:db: `cd db/ && psql -f create-db.sql && psql -f populate-db.sql`
22 error Exit status 2
23 error Failed at the halp-server@1.0.0 start:db script 'cd db/ && psql -f create-db.sql && psql -f populate-db.sql'.
23 error Make sure you have the latest version of node.js and npm installed.
23 error If you do, this is most likely a problem with the halp-server package,
23 error not with npm itself.
23 error Tell the author that this fails on your system:
23 error     cd db/ && psql -f create-db.sql && psql -f populate-db.sql
23 error You can get information on how to open an issue for this project with:
23 error     npm bugs halp-server
23 error Or if that isn't available, you can get their info via:
23 error     npm owner ls halp-server
23 error There is likely additional logging output above.
24 verbose exit [ 1, true ]
